<?xml version="1.0" encoding="UTF-8"?>
<robot generator="Robot 5.0.1 (Python 3.9.13 on win32)" generated="20221031 10:41:05.098" rpa="true" schemaversion="3">
<suite id="s1" name="Tasks" source="c:\Users\Roboost\Documents\Robocorp\Cert2\my-first-robot\tasks.robot">
<test id="s1-t1" name="Fun Testing" line="30">
<kw name="Quick get CSV URL secret">
<var>${fun}</var>
<kw name="Get Secret" library="RPA.Robocorp.Vault">
<var>${secret}</var>
<arg>robot order robot</arg>
<doc>Read a secret from the configured source, e.g. Robocorp Vault,
and return it as a ``Secret`` object.</doc>
<msg timestamp="20221031 10:41:07.648" level="INFO">Protecting keyword: RPA.Robocorp.Vault.Get Secret</msg>
<msg timestamp="20221031 10:41:07.648" level="INFO">Log level changed from NONE to INFO.</msg>
<status status="PASS" starttime="20221031 10:41:07.648" endtime="20221031 10:41:07.648"/>
</kw>
<kw name="Get Dictionary Items" library="Collections">
<var>${e}</var>
<arg>${secret}</arg>
<doc>Returns items of the given ``dictionary`` as a list.</doc>
<msg timestamp="20221031 10:41:07.648" level="INFO">${e} = ['URLL', 'https://robotsparebinindustries.com/orders.csv']</msg>
<status status="PASS" starttime="20221031 10:41:07.648" endtime="20221031 10:41:07.648"/>
</kw>
<if>
<branch type="IF" condition="${e.URL}">
<return>
<value>${e.URL}</value>
<status status="NOT RUN" starttime="20221031 10:41:07.648" endtime="20221031 10:41:07.648"/>
</return>
<msg timestamp="20221031 10:41:07.648" level="FAIL">Evaluating IF condition failed: Resolving variable '${e.URL}' failed: AttributeError: 'list' object has no attribute 'URL'</msg>
<status status="FAIL" starttime="20221031 10:41:07.648" endtime="20221031 10:41:07.656"/>
</branch>
<branch type="ELSE">
<return>
<value>False</value>
<status status="NOT RUN" starttime="20221031 10:41:07.656" endtime="20221031 10:41:07.656"/>
</return>
<status status="NOT RUN" starttime="20221031 10:41:07.656" endtime="20221031 10:41:07.656"/>
</branch>
<status status="FAIL" starttime="20221031 10:41:07.648" endtime="20221031 10:41:07.656"/>
</if>
<status status="FAIL" starttime="20221031 10:41:07.648" endtime="20221031 10:41:07.656"/>
</kw>
<kw name="Log" library="BuiltIn">
<arg>${fun}</arg>
<doc>Logs the given message with the given level.</doc>
<status status="NOT RUN" starttime="20221031 10:41:07.659" endtime="20221031 10:41:07.660"/>
</kw>
<status status="FAIL" starttime="20221031 10:41:07.648" endtime="20221031 10:41:07.662">Evaluating IF condition failed: Resolving variable '${e.URL}' failed: AttributeError: 'list' object has no attribute 'URL'</status>
</test>
<doc>Orders robots from RobotSpareBin Industries Inc.
Saves the order HTML receipt as a PDF file.
Saves the screenshot of the ordered robot.
Embeds the screenshot of the robot to the PDF receipt.
Creates ZIP archive of the receipts and the images.</doc>
<status status="FAIL" starttime="20221031 10:41:05.106" endtime="20221031 10:41:07.665"/>
</suite>
<statistics>
<total>
<stat pass="0" fail="1" skip="0">All Tasks</stat>
</total>
<tag>
</tag>
<suite>
<stat pass="0" fail="1" skip="0" id="s1" name="Tasks">Tasks</stat>
</suite>
</statistics>
<errors>
<msg timestamp="20221031 10:41:07.665" level="ERROR">Calling method 'end_suite' of listener 'robotframework_debug_adapter.listeners.DebugListener' failed: IndexError: pop from an empty deque</msg>
</errors>
</robot>
